#
# A fatal error has been detected by the Java Runtime Environment:
#
#  EXCEPTION_UNCAUGHT_CXX_EXCEPTION (0xe06d7363) at pc=0x00007fffd83f7788, pid=13516, tid=15648
#
# JRE version: Java(TM) SE Runtime Environment (8.0_91-b15) (build 1.8.0_91-b15)
# Java VM: Java HotSpot(TM) 64-Bit Server VM (25.91-b15 mixed mode windows-amd64 compressed oops)
# Problematic frame:
# C  [KERNELBASE.dll+0x17788]
#
# Failed to write core dump. Minidumps are not enabled by default on client versions of Windows
#
# If you would like to submit a bug report, please visit:
#   http://bugreport.java.com/bugreport/crash.jsp
# The crash happened outside the Java Virtual Machine in native code.
# See problematic frame for where to report the bug.
#

---------------  T H R E A D  ---------------

Current thread (0x0000000002202800):  JavaThread "main" [_thread_in_native, id=15648, stack(0x0000000002100000,0x0000000002200000)]

siginfo: ExceptionCode=0xe06d7363, ExceptionInformation=0x0000000019930520 0x00000000021ebcd0 0x00007fffa24c9fc0 0x00007fffa2280000 

Registers:
RAX=0x00007fff1657b978, RBX=0x00007fffa24c9fc0, RCX=0x000000001675c180, RDX=0xbeec66f30066d33a
RSP=0x00000000021ebb40, RBP=0x00000000021ebc80, RSI=0x00007fff9ea659f0, RDI=0x00000000021ebcd0
R8 =0x827c09e316581f28, R9 =0x00000000000000fd, R10=0xffffdad5ffffff5b, R11=0x00000000000000c4
R12=0x00000000ffffff29, R13=0x0000000000000000, R14=0x00007fff9ea656f0, R15=0x00000000021fc1f8
RIP=0x00007fffd83f7788, EFLAGS=0x0000000000000206

Top of Stack: (sp=0x00000000021ebb40)
0x00000000021ebb40:   000000001682e2b8 00007fffa24c9fc0
0x00000000021ebb50:   00007fff9ea659f0 00000000021ebcd0
0x00000000021ebb60:   00000001e06d7363 0000000000000000
0x00000000021ebb70:   00007fffd83f7788 0000000000000004
0x00000000021ebb80:   0000000019930520 00000000021ebcd0
0x00000000021ebb90:   00007fffa24c9fc0 00007fffa2280000
0x00000000021ebba0:   0000000000000000 00000000ffffff29
0x00000000021ebbb0:   00000000021ebcd0 00007fff9ea659f0
0x00000000021ebbc0:   00000000021ebc80 00007fffdb22c26f
0x00000000021ebbd0:   00000000021ebc90 00007fff00000000
0x00000000021ebbe0:   00000000021ebcd0 00007fffb0a6d306
0x00000000021ebbf0:   00007fffa24e9000 00007fffa2280000
0x00000000021ebc00:   0000fe1fecc23dcf 00007fffb0aec4d0
0x00000000021ebc10:   00007fffa24c9fc0 00007fffb0a6ef63
0x00000000021ebc20:   00000000021ebcd0 00007fffb0a3eb8d
0x00000000021ebc30:   00007fffb0aec4d0 00007fff9ea659f0 

Instructions: (pc=0x00007fffd83f7788)
0x00007fffd83f7768:   49 8b d1 44 0f 47 c0 44 89 44 24 38 49 c1 e0 03
0x00007fffd83f7778:   e8 07 55 06 00 48 8d 4c 24 20 ff 15 d0 08 13 00
0x00007fffd83f7788:   48 8b 8c 24 c0 00 00 00 48 33 cc e8 98 1a 06 00
0x00007fffd83f7798:   48 81 c4 d8 00 00 00 c3 83 64 24 38 00 eb d6 cc 


Register to memory mapping:

RAX=0x00007fff1657b978 is an unknown value
RBX=0x00007fffa24c9fc0 is an unknown value
RCX=0x000000001675c180 is pointing into metadata
RDX=0xbeec66f30066d33a is an unknown value
RSP=0x00000000021ebb40 is pointing into the stack for thread: 0x0000000002202800
RBP=0x00000000021ebc80 is pointing into the stack for thread: 0x0000000002202800
RSI=0x00007fff9ea659f0 is an unknown value
RDI=0x00000000021ebcd0 is pointing into the stack for thread: 0x0000000002202800
R8 =0x827c09e316581f28 is an unknown value
R9 =0x00000000000000fd is an unknown value
R10=0xffffdad5ffffff5b is an unknown value
R11=0x00000000000000c4 is an unknown value
R12=0x00000000ffffff29 is an unallocated location in the heap
R13=0x0000000000000000 is an unknown value
R14=0x00007fff9ea656f0 is an unknown value
R15=0x00000000021fc1f8 is pointing into the stack for thread: 0x0000000002202800


Stack: [0x0000000002100000,0x0000000002200000],  sp=0x00000000021ebb40,  free space=942k
Native frames: (J=compiled Java code, j=interpreted, Vv=VM code, C=native code)
C  [KERNELBASE.dll+0x17788]
C  [msvcr120.dll+0x5ef63]
C  [opencv_core300.dll+0x18cb74]
C  [opencv_core300.dll+0x18ccb6]
C  [opencv_imgproc300.dll+0x46d89]
C  [opencv_imgproc300.dll+0x4ceb5]
C  [jniopencv_imgproc.dll+0x167fd]
C  0x0000000002317f54

Java frames: (J=compiled Java code, j=interpreted, Vv=VM code)
j  org.bytedeco.javacpp.opencv_imgproc.cvCvtColor(Lorg/bytedeco/javacpp/helper/opencv_core$CvArr;Lorg/bytedeco/javacpp/helper/opencv_core$CvArr;I)V+0
j  ge.edu.tsu.hcrs.image_processing.JavaCVProcessing.cleanImageSmoothingForOCR(Lorg/bytedeco/javacpp/opencv_core$IplImage;)Lorg/bytedeco/javacpp/opencv_core$IplImage;+15
j  ge.edu.tsu.hcrs.image_processing.Runner.main([Ljava/lang/String;)V+46
v  ~StubRoutines::call_stub
j  sun.reflect.NativeMethodAccessorImpl.invoke0(Ljava/lang/reflect/Method;Ljava/lang/Object;[Ljava/lang/Object;)Ljava/lang/Object;+0
j  sun.reflect.NativeMethodAccessorImpl.invoke(Ljava/lang/Object;[Ljava/lang/Object;)Ljava/lang/Object;+100
j  sun.reflect.DelegatingMethodAccessorImpl.invoke(Ljava/lang/Object;[Ljava/lang/Object;)Ljava/lang/Object;+6
j  java.lang.reflect.Method.invoke(Ljava/lang/Object;[Ljava/lang/Object;)Ljava/lang/Object;+56
j  com.intellij.rt.execution.application.AppMain.main([Ljava/lang/String;)V+180
v  ~StubRoutines::call_stub

---------------  P R O C E S S  ---------------

Java Threads: ( => current thread )
  0x0000000018ad0000 JavaThread "Monitor Ctrl-Break" daemon [_thread_in_native, id=16560, stack(0x0000000018e10000,0x0000000018f10000)]
  0x0000000018808800 JavaThread "Service Thread" daemon [_thread_blocked, id=17336, stack(0x0000000018be0000,0x0000000018ce0000)]
  0x0000000016e9a000 JavaThread "C1 CompilerThread2" daemon [_thread_blocked, id=8588, stack(0x00000000186e0000,0x00000000187e0000)]
  0x0000000016e93000 JavaThread "C2 CompilerThread1" daemon [_thread_blocked, id=4496, stack(0x00000000185e0000,0x00000000186e0000)]
  0x0000000016e8e000 JavaThread "C2 CompilerThread0" daemon [_thread_blocked, id=13000, stack(0x00000000184e0000,0x00000000185e0000)]
  0x0000000016e8d000 JavaThread "Attach Listener" daemon [_thread_blocked, id=13440, stack(0x00000000183e0000,0x00000000184e0000)]
  0x0000000016e8b800 JavaThread "Signal Dispatcher" daemon [_thread_blocked, id=17552, stack(0x00000000182e0000,0x00000000183e0000)]
  0x00000000022f6800 JavaThread "Finalizer" daemon [_thread_blocked, id=17160, stack(0x00000000180f0000,0x00000000181f0000)]
  0x00000000022f1000 JavaThread "Reference Handler" daemon [_thread_blocked, id=16068, stack(0x0000000017ff0000,0x00000000180f0000)]
=>0x0000000002202800 JavaThread "main" [_thread_in_native, id=15648, stack(0x0000000002100000,0x0000000002200000)]

Other Threads:
  0x0000000016e56800 VMThread [stack: 0x0000000017ef0000,0x0000000017ff0000] [id=14180]
  0x0000000018823000 WatcherThread [stack: 0x0000000018ce0000,0x0000000018de0000] [id=15720]

VM state:not at safepoint (normal execution)

VM Mutex/Monitor currently owned by a thread: None

Heap:
 PSYoungGen      total 38400K, used 14646K [0x00000000d5d00000, 0x00000000d8780000, 0x0000000100000000)
  eden space 33280K, 44% used [0x00000000d5d00000,0x00000000d6b4d8a8,0x00000000d7d80000)
  from space 5120K, 0% used [0x00000000d8280000,0x00000000d8280000,0x00000000d8780000)
  to   space 5120K, 0% used [0x00000000d7d80000,0x00000000d7d80000,0x00000000d8280000)
 ParOldGen       total 87552K, used 0K [0x0000000081600000, 0x0000000086b80000, 0x00000000d5d00000)
  object space 87552K, 0% used [0x0000000081600000,0x0000000081600000,0x0000000086b80000)
 Metaspace       used 5700K, capacity 6432K, committed 6656K, reserved 1056768K
  class space    used 625K, capacity 656K, committed 768K, reserved 1048576K

Card table byte_map: [0x00000000116c0000,0x0000000011ac0000] byte_map_base: 0x00000000112b5000

Marking Bits: (ParMarkBitMap*) 0x0000000058df2f70
 Begin Bits: [0x0000000012170000, 0x0000000014118000)
 End Bits:   [0x0000000014118000, 0x00000000160c0000)

Polling page: 0x0000000000970000

CodeCache: size=245760Kb used=2468Kb max_used=2470Kb free=243291Kb
 bounds [0x0000000002300000, 0x0000000002570000, 0x0000000011300000]
 total_blobs=866 nmethods=486 adapters=293
 compilation: enabled

Compilation events (10 events):
Event: 1.025 Thread 0x0000000016e9a000  482   !   3       com.sun.proxy.$Proxy1::value (29 bytes)
Event: 1.025 Thread 0x0000000016e9a000 nmethod 482 0x000000000256a410 code [0x000000000256a5a0, 0x000000000256a978]
Event: 1.034 Thread 0x0000000016e9a000  483       3       java.security.CodeSource::equals (60 bytes)
Event: 1.035 Thread 0x0000000016e9a000 nmethod 483 0x00000000025698d0 code [0x0000000002569a80, 0x000000000256a258]
Event: 1.035 Thread 0x0000000016e9a000  484       3       java.net.URL::equals (24 bytes)
Event: 1.035 Thread 0x0000000016e9a000 nmethod 484 0x0000000002569210 code [0x0000000002569380, 0x00000000025697c8]
Event: 1.035 Thread 0x0000000016e9a000  485       3       java.net.URLStreamHandler::equals (45 bytes)
Event: 1.035 Thread 0x0000000016e9a000 nmethod 485 0x0000000002568a10 code [0x0000000002568ba0, 0x00000000025690b8]
Event: 1.036 Thread 0x0000000016e9a000  486       3       java.io.File::getAbsolutePath (8 bytes)
Event: 1.036 Thread 0x0000000016e9a000 nmethod 486 0x0000000002568650 code [0x00000000025687c0, 0x0000000002568968]

GC Heap History (0 events):
No events

Deoptimization events (1 events):
Event: 0.180 Thread 0x0000000002202800 Uncommon trap: reason=unstable_if action=reinterpret pc=0x0000000002436be0 method=java.lang.String.hashCode()I @ 14

Internal exceptions (10 events):
Event: 0.177 Thread 0x0000000002202800 Exception <a 'java/security/PrivilegedActionException'> (0x00000000d5f94660) thrown at [C:\re\workspace\8-2-build-windows-amd64-cygwin\jdk8u91\7017\hotspot\src\share\vm\prims\jvm.cpp, line 1386]
Event: 0.177 Thread 0x0000000002202800 Exception <a 'java/security/PrivilegedActionException'> (0x00000000d5f94870) thrown at [C:\re\workspace\8-2-build-windows-amd64-cygwin\jdk8u91\7017\hotspot\src\share\vm\prims\jvm.cpp, line 1386]
Event: 0.177 Thread 0x0000000002202800 Exception <a 'java/security/PrivilegedActionException'> (0x00000000d5f95d68) thrown at [C:\re\workspace\8-2-build-windows-amd64-cygwin\jdk8u91\7017\hotspot\src\share\vm\prims\jvm.cpp, line 1386]
Event: 0.177 Thread 0x0000000002202800 Exception <a 'java/security/PrivilegedActionException'> (0x00000000d5f95f78) thrown at [C:\re\workspace\8-2-build-windows-amd64-cygwin\jdk8u91\7017\hotspot\src\share\vm\prims\jvm.cpp, line 1386]
Event: 0.177 Thread 0x0000000002202800 Exception <a 'java/security/PrivilegedActionException'> (0x00000000d5f973c0) thrown at [C:\re\workspace\8-2-build-windows-amd64-cygwin\jdk8u91\7017\hotspot\src\share\vm\prims\jvm.cpp, line 1386]
Event: 0.177 Thread 0x0000000002202800 Exception <a 'java/security/PrivilegedActionException'> (0x00000000d5f975d0) thrown at [C:\re\workspace\8-2-build-windows-amd64-cygwin\jdk8u91\7017\hotspot\src\share\vm\prims\jvm.cpp, line 1386]
Event: 0.217 Thread 0x0000000002202800 Exception <a 'java/security/PrivilegedActionException'> (0x00000000d6117300) thrown at [C:\re\workspace\8-2-build-windows-amd64-cygwin\jdk8u91\7017\hotspot\src\share\vm\prims\jvm.cpp, line 1386]
Event: 0.217 Thread 0x0000000002202800 Exception <a 'java/security/PrivilegedActionException'> (0x00000000d6117510) thrown at [C:\re\workspace\8-2-build-windows-amd64-cygwin\jdk8u91\7017\hotspot\src\share\vm\prims\jvm.cpp, line 1386]
Event: 0.218 Thread 0x0000000002202800 Exception <a 'java/security/PrivilegedActionException'> (0x00000000d611b358) thrown at [C:\re\workspace\8-2-build-windows-amd64-cygwin\jdk8u91\7017\hotspot\src\share\vm\prims\jvm.cpp, line 1386]
Event: 0.218 Thread 0x0000000002202800 Exception <a 'java/security/PrivilegedActionException'> (0x00000000d611b568) thrown at [C:\re\workspace\8-2-build-windows-amd64-cygwin\jdk8u91\7017\hotspot\src\share\vm\prims\jvm.cpp, line 1386]

Events (10 events):
Event: 0.987 loading class org/bytedeco/javacpp/Pointer$2
Event: 0.987 loading class org/bytedeco/javacpp/Pointer$2 done
Event: 0.988 loading class org/bytedeco/javacpp/annotation/Name
Event: 0.988 loading class org/bytedeco/javacpp/annotation/Name done
Event: 1.008 loading class org/bytedeco/javacpp/helper/opencv_core$AbstractCvMemStorage$ReleaseDeallocator
Event: 1.008 loading class org/bytedeco/javacpp/helper/opencv_core$AbstractCvMemStorage$ReleaseDeallocator done
Event: 1.033 loading class org/bytedeco/javacpp/helper/opencv_core$AbstractCvMat$2
Event: 1.033 loading class org/bytedeco/javacpp/helper/opencv_core$AbstractCvMat$2 done
Event: 1.034 loading class org/bytedeco/javacpp/helper/opencv_core$AbstractCvMat$1
Event: 1.034 loading class org/bytedeco/javacpp/helper/opencv_core$AbstractCvMat$1 done


Dynamic libraries:
0x00007ff649970000 - 0x00007ff6499a7000 	C:\Program Files\Java\jdk1.8.0_91\bin\java.exe
0x00007fffdb1e0000 - 0x00007fffdb3b1000 	C:\WINDOWS\SYSTEM32\ntdll.dll
0x00007fffd96d0000 - 0x00007fffd977b000 	C:\WINDOWS\System32\KERNEL32.DLL
0x00007fffb81b0000 - 0x00007fffb8204000 	C:\Program Files (x86)\AVG\Av\avghooka.dll
0x00007fffd83e0000 - 0x00007fffd85fd000 	C:\WINDOWS\System32\KERNELBASE.dll
0x00007fffd9180000 - 0x00007fffd9222000 	C:\WINDOWS\System32\ADVAPI32.dll
0x00007fffdac90000 - 0x00007fffdad2e000 	C:\WINDOWS\System32\msvcrt.dll
0x00007fffd9640000 - 0x00007fffd9699000 	C:\WINDOWS\System32\sechost.dll
0x00007fffd9050000 - 0x00007fffd9171000 	C:\WINDOWS\System32\RPCRT4.dll
0x00007fffd9290000 - 0x00007fffd93f5000 	C:\WINDOWS\System32\USER32.dll
0x00007fffd8600000 - 0x00007fffd861e000 	C:\WINDOWS\System32\win32u.dll
0x00007fffd8bd0000 - 0x00007fffd8c04000 	C:\WINDOWS\System32\GDI32.dll
0x00007fffd79c0000 - 0x00007fffd7b42000 	C:\WINDOWS\System32\gdi32full.dll
0x00007fffc64c0000 - 0x00007fffc6739000 	C:\WINDOWS\WinSxS\amd64_microsoft.windows.common-controls_6595b64144ccf1df_6.0.14393.447_none_42191651c6827bb3\COMCTL32.dll
0x00007fffd8900000 - 0x00007fffd8bc8000 	C:\WINDOWS\System32\combase.dll
0x00007fffd8670000 - 0x00007fffd8765000 	C:\WINDOWS\System32\ucrtbase.dll
0x00007fffd7950000 - 0x00007fffd79ba000 	C:\WINDOWS\System32\bcryptPrimitives.dll
0x00007fffd96a0000 - 0x00007fffd96ce000 	C:\WINDOWS\System32\IMM32.DLL
0x0000000058500000 - 0x00000000585d2000 	C:\Program Files\Java\jdk1.8.0_91\jre\bin\msvcr100.dll
0x00000000585e0000 - 0x0000000058e73000 	C:\Program Files\Java\jdk1.8.0_91\jre\bin\server\jvm.dll
0x00007fffd8c10000 - 0x00007fffd8c18000 	C:\WINDOWS\System32\PSAPI.DLL
0x00007fffca640000 - 0x00007fffca649000 	C:\WINDOWS\SYSTEM32\WSOCK32.dll
0x00007fffd9400000 - 0x00007fffd946a000 	C:\WINDOWS\System32\WS2_32.dll
0x00007fffd5910000 - 0x00007fffd5933000 	C:\WINDOWS\SYSTEM32\WINMM.dll
0x00007fffd6200000 - 0x00007fffd620a000 	C:\WINDOWS\SYSTEM32\VERSION.dll
0x00007fffd58e0000 - 0x00007fffd590b000 	C:\WINDOWS\SYSTEM32\WINMMBASE.dll
0x00007fffd8620000 - 0x00007fffd8662000 	C:\WINDOWS\System32\cfgmgr32.dll
0x00000000584f0000 - 0x00000000584ff000 	C:\Program Files\Java\jdk1.8.0_91\jre\bin\verify.dll
0x00000000584c0000 - 0x00000000584e9000 	C:\Program Files\Java\jdk1.8.0_91\jre\bin\java.dll
0x00000000584a0000 - 0x00000000584b6000 	C:\Program Files\Java\jdk1.8.0_91\jre\bin\zip.dll
0x00007fffd9780000 - 0x00007fffdac89000 	C:\WINDOWS\System32\SHELL32.dll
0x00007fffd7c00000 - 0x00007fffd82da000 	C:\WINDOWS\System32\windows.storage.dll
0x00007fffd7680000 - 0x00007fffd76cc000 	C:\WINDOWS\System32\powrprof.dll
0x00007fffd9470000 - 0x00007fffd94c2000 	C:\WINDOWS\System32\shlwapi.dll
0x00007fffd7660000 - 0x00007fffd766f000 	C:\WINDOWS\System32\kernel.appcore.dll
0x00007fffd7b50000 - 0x00007fffd7bf9000 	C:\WINDOWS\System32\shcore.dll
0x00007fffd7640000 - 0x00007fffd7654000 	C:\WINDOWS\System32\profapi.dll
0x00007fffd49a0000 - 0x00007fffd49b0000 	C:\Program Files (x86)\JetBrains\IntelliJ IDEA 2016.1.3\bin\breakgen64.dll
0x0000000058480000 - 0x000000005849a000 	C:\Program Files\Java\jdk1.8.0_91\jre\bin\net.dll
0x0000000180000000 - 0x000000018006d000 	C:\WINDOWS\system32\LavasoftTcpService64.dll
0x00007fffdad30000 - 0x00007fffdae67000 	C:\WINDOWS\System32\ole32.dll
0x00007fffd87e0000 - 0x00007fffd889f000 	C:\WINDOWS\System32\OLEAUT32.dll
0x00007fffd82e0000 - 0x00007fffd837c000 	C:\WINDOWS\System32\msvcp_win.dll
0x00007fffd6f70000 - 0x00007fffd6fcc000 	C:\WINDOWS\SYSTEM32\MSWSOCK.dll
0x00007fffd6d00000 - 0x00007fffd6d38000 	C:\WINDOWS\SYSTEM32\IPHLPAPI.DLL
0x00007fffd7340000 - 0x00007fffd736c000 	C:\WINDOWS\SYSTEM32\SspiCli.dll
0x00007fffd5ae0000 - 0x00007fffd5b75000 	C:\WINDOWS\system32\uxtheme.dll
0x00007fffb0a10000 - 0x00007fffb0aff000 	C:\Users\ioseb.gobronidze\AppData\Local\Temp\javacpp616327248023356\msvcr120.dll
0x00007fffb1460000 - 0x00007fffb1506000 	C:\Users\ioseb.gobronidze\AppData\Local\Temp\javacpp616327248023356\msvcp120.dll
0x00007fffdb140000 - 0x00007fffdb1df000 	C:\WINDOWS\System32\clbcatq.dll
0x00007fffd7510000 - 0x00007fffd75a8000 	C:\WINDOWS\SYSTEM32\sxs.dll
0x00007fffa2280000 - 0x00007fffa2501000 	C:\Users\ioseb.gobronidze\AppData\Local\Temp\javacpp616327248023356\opencv_core300.dll
0x00007fff9e880000 - 0x00007fff9ebff000 	C:\Users\ioseb.gobronidze\AppData\Local\Temp\javacpp616327248023356\opencv_imgproc300.dll
0x00007fff9f7f0000 - 0x00007fff9f9a8000 	C:\Users\ioseb.gobronidze\AppData\Local\Temp\javacpp616327248023356\jniopencv_core.dll
0x00007fffafe60000 - 0x00007fffaff05000 	C:\Users\ioseb.gobronidze\AppData\Local\Temp\javacpp616327248023356\jniopencv_imgproc.dll
0x00007fff9b110000 - 0x00007fff9b3c7000 	C:\Users\ioseb.gobronidze\AppData\Local\Temp\javacpp616327248023356\opencv_imgcodecs300.dll
0x00007fffc9b70000 - 0x00007fffc9b8b000 	C:\Users\ioseb.gobronidze\AppData\Local\Temp\javacpp616327248023356\jniopencv_imgcodecs.dll
0x00007fffc6fe0000 - 0x00007fffc7172000 	C:\WINDOWS\SYSTEM32\dbghelp.dll

VM Arguments:
jvm_args: -Djava.library.path=C:\dev\HandwritingRecognitionSystem\resources\opencv\x64 -Didea.launcher.port=7539 -Didea.launcher.bin.path=C:\Program Files (x86)\JetBrains\IntelliJ IDEA 2016.1.3\bin -Dfile.encoding=UTF-8 
java_command: com.intellij.rt.execution.application.AppMain ge.edu.tsu.hcrs.image_processing.Runner
java_class_path (initial): C:\Program Files\Java\jdk1.8.0_91\jre\lib\charsets.jar;C:\Program Files\Java\jdk1.8.0_91\jre\lib\deploy.jar;C:\Program Files\Java\jdk1.8.0_91\jre\lib\ext\access-bridge-64.jar;C:\Program Files\Java\jdk1.8.0_91\jre\lib\ext\cldrdata.jar;C:\Program Files\Java\jdk1.8.0_91\jre\lib\ext\dnsns.jar;C:\Program Files\Java\jdk1.8.0_91\jre\lib\ext\jaccess.jar;C:\Program Files\Java\jdk1.8.0_91\jre\lib\ext\jfxrt.jar;C:\Program Files\Java\jdk1.8.0_91\jre\lib\ext\localedata.jar;C:\Program Files\Java\jdk1.8.0_91\jre\lib\ext\nashorn.jar;C:\Program Files\Java\jdk1.8.0_91\jre\lib\ext\sunec.jar;C:\Program Files\Java\jdk1.8.0_91\jre\lib\ext\sunjce_provider.jar;C:\Program Files\Java\jdk1.8.0_91\jre\lib\ext\sunmscapi.jar;C:\Program Files\Java\jdk1.8.0_91\jre\lib\ext\sunpkcs11.jar;C:\Program Files\Java\jdk1.8.0_91\jre\lib\ext\zipfs.jar;C:\Program Files\Java\jdk1.8.0_91\jre\lib\javaws.jar;C:\Program Files\Java\jdk1.8.0_91\jre\lib\jce.jar;C:\Program Files\Java\jdk1.8.0_91\jre\lib\jfr.jar;C:\Program Files\Java\jdk1.8.0_91\jre\lib\jfxswt.jar;C:\Program Files\Java\jdk1.8.0_91\jre\lib\jsse.jar;C:\Program Files\Java\jdk1.8.0_91\jre\lib\management-agent.jar;C:\Program Files\Java\jdk1.8.0_91\jre\lib\plugin.jar;C:\Program Files\Java\jdk1.8.0_91\jre\lib\resources.jar;C:\Program Files\Java\jdk1.8.0_91\jre\lib\rt.jar;C:\dev\HandwritingRecognitionSystem\image_processing\target\classes;C:\dev\HandwritingRecognitionSystem\resources\opencv\opencv-320.jar;C:\Users\ioseb.gobronidze\.m2\repository\org\bytedeco\javacv\1.1\javacv-1.1.jar;C:\Users\ioseb.gobronidze\.m2\repository\org\bytedeco\javacpp\1.1\javacpp-1.1.jar;C:\Users\ioseb.gobronidze\.m2\repository\org\bytedeco\javacpp-presets\opencv\3.0.0-1.1\opencv-3.0.0-1.1.jar;C:\Users\ioseb.gobronidze\.m2\repository\org\bytedeco\javacpp-presets\opencv\3.0.0-1.1\opencv-3.0.0-1.1-windows-x86_64.jar;C:\Users\ioseb.gobronidze\.m2\repository\org\bytedeco\javacpp-presets\ffmpeg\2.8.1-1.1\ffmpeg-2.8.1-1.1.jar;C:\Users\ioseb.gobronidze\.m2\repos
Launcher Type: SUN_STANDARD

Environment Variables:
JAVA_HOME=C:\Program Files\Java\jdk1.8.0_91
PATH=C:\ProgramData\Oracle\Java\javapath;C:\WINDOWS\system32;C:\WINDOWS;C:\WINDOWS\System32\Wbem;C:\WINDOWS\System32\WindowsPowerShell\v1.0\;C:\Program Files\Git\cmd;C:\Program Files\Java\jdk1.7.0_79\bin;C:\Program Files\Apache\maven\bin;C:\Program Files\gwt-2.7.0;C:\Users\ioseb.gobronidze\AppData\Local\Microsoft\WindowsApps;
USERNAME=ioseb.gobronidze
OS=Windows_NT
PROCESSOR_IDENTIFIER=Intel64 Family 6 Model 60 Stepping 3, GenuineIntel



---------------  S Y S T E M  ---------------

OS: Windows 10.0 , 64 bit Build 14393 (10.0.14393.0)

CPU:total 4 (2 cores per cpu, 2 threads per core) family 6 model 60 stepping 3, cmov, cx8, fxsr, mmx, sse, sse2, sse3, ssse3, sse4.1, sse4.2, popcnt, avx, avx2, aes, clmul, erms, lzcnt, ht, tsc, tscinvbit, bmi1, bmi2

Memory: 4k page, physical 8294180k(1678336k free), swap 16123344k(2993320k free)

vm_info: Java HotSpot(TM) 64-Bit Server VM (25.91-b15) for windows-amd64 JRE (1.8.0_91-b15), built on May 20 2016 17:43:15 by "java_re" with MS VC++ 10.0 (VS2010)

time: Fri Feb 17 18:43:03 2017
elapsed time: 1 seconds (0d 0h 0m 1s)

